<?xml version="1.0" encoding="UTF-8"?>
<testng-results ignored="0" total="1" passed="1" failed="0" skipped="0">
  <reporter-output>
  </reporter-output>
  <suite started-at="2021-05-24T17:28:32 IST" name="Default suite" finished-at="2021-05-24T17:29:54 IST" duration-ms="81796">
    <groups>
    </groups>
    <test started-at="2021-05-24T17:28:32 IST" name="Default test" finished-at="2021-05-24T17:29:54 IST" duration-ms="81796">
      <class name="com.chqbook.pagefactory.Loans">
        <test-method is-config="true" signature="beforeTest()[pri:0, instance:com.chqbook.pagefactory.Loans@1151e434]" started-at="2021-05-24T17:28:32 IST" name="beforeTest" finished-at="2021-05-24T17:28:40 IST" duration-ms="8302" status="PASS">
          <reporter-output>
          </reporter-output>
        </test-method> <!-- beforeTest -->
        <test-method signature="verifyBusinessLoansForSelfEmployed()[pri:0, instance:com.chqbook.pagefactory.Loans@1151e434]" started-at="2021-05-24T17:28:40 IST" name="verifyBusinessLoansForSelfEmployed" finished-at="2021-05-24T17:29:49 IST" duration-ms="68595" status="PASS">
          <reporter-output>
          </reporter-output>
        </test-method> <!-- verifyBusinessLoansForSelfEmployed -->
        <test-method is-config="true" signature="tearDown(org.testng.ITestResult)[pri:0, instance:com.chqbook.pagefactory.Loans@1151e434]" started-at="2021-05-24T17:29:49 IST" name="tearDown" finished-at="2021-05-24T17:29:54 IST" duration-ms="4843" status="PASS">
          <params>
            <param index="0">
              <value>
                <![CDATA[[TestResult name=verifyBusinessLoansForSelfEmployed status=SUCCESS method=Loans.verifyBusinessLoansForSelfEmployed()[pri:0, instance:com.chqbook.pagefactory.Loans@1151e434] output={null}]]]>
              </value>
            </param>
          </params>
          <reporter-output>
          </reporter-output>
        </test-method> <!-- tearDown -->
      </class> <!-- com.chqbook.pagefactory.Loans -->
    </test> <!-- Default test -->
  </suite> <!-- Default suite -->
</testng-results>
