<?xml version="1.0" encoding="UTF-8"?>
<testng-results ignored="0" total="1" passed="1" failed="0" skipped="0">
  <reporter-output>
  </reporter-output>
  <suite started-at="2020-11-19T15:51:51 IST" name="Suite" finished-at="2020-11-19T15:51:51 IST" duration-ms="48">
    <groups>
    </groups>
    <test started-at="2020-11-19T15:51:51 IST" name="Test" finished-at="2020-11-19T15:51:51 IST" duration-ms="48">
      <class name="com.selenium.maven.DemoMaven">
        <test-method signature="test()[pri:0, instance:com.selenium.maven.DemoMaven@7d8704ef]" started-at="2020-11-19T15:51:51 IST" name="test" finished-at="2020-11-19T15:51:51 IST" duration-ms="8" status="PASS">
          <reporter-output>
          </reporter-output>
        </test-method> <!-- test -->
      </class> <!-- com.selenium.maven.DemoMaven -->
    </test> <!-- Test -->
  </suite> <!-- Suite -->
</testng-results>
