<?xml version="1.0" encoding="UTF-8"?>
<!-- Generated by org.testng.reporters.JUnitXMLReporter -->
<testsuite ignored="0" hostname="DESKTOP-LSAS4P2" failures="3" tests="4" name="G99" time="53.993" errors="0" timestamp="2019-12-29T19:03:16 IST">
  <testcase classname="automationScripts.G99LC" name="login" time="1.57"/>
  <testcase classname="automationScripts.G99LC" name="login" time="2.068">
    <failure type="java.lang.AssertionError" message="Page Title Not Verified did not expect to find [true] but found [false]">
      <![CDATA[java.lang.AssertionError: Page Title Not Verified did not expect to find [true] but found [false]
at automationScripts.G99LC.login(G99LC.java:105)
at java.base/java.util.ArrayList.forEach(ArrayList.java:1540)
... Removed 30 stack frames]]>
    </failure>
  </testcase> <!-- login -->
  <testcase classname="automationScripts.G99LC" name="login" time="2.01">
    <failure type="java.lang.AssertionError" message="Page Title Not Verified did not expect to find [true] but found [false]">
      <![CDATA[java.lang.AssertionError: Page Title Not Verified did not expect to find [true] but found [false]
at automationScripts.G99LC.login(G99LC.java:105)
at java.base/java.util.ArrayList.forEach(ArrayList.java:1540)
... Removed 30 stack frames]]>
    </failure>
  </testcase> <!-- login -->
  <testcase classname="automationScripts.G99LC" name="login" time="2.182">
    <failure type="java.lang.AssertionError" message="Page Title Not Verified did not expect to find [true] but found [false]">
      <![CDATA[java.lang.AssertionError: Page Title Not Verified did not expect to find [true] but found [false]
at automationScripts.G99LC.login(G99LC.java:105)
at java.base/java.util.ArrayList.forEach(ArrayList.java:1540)
... Removed 30 stack frames]]>
    </failure>
  </testcase> <!-- login -->
</testsuite> <!-- G99 -->
