<?xml version="1.0" encoding="UTF-8"?>
<!-- Generated by org.testng.reporters.JUnitXMLReporter -->
<testsuite ignored="0" hostname="DESKTOP-LSAS4P2" failures="0" tests="3" name="Test" time="78.188" errors="0" timestamp="2021-05-05T16:55:50 IST">
  <testcase classname="com.perfeasy.makemytrip.FlightSearch" name="flightSearch" time="33.48"/>
  <testcase classname="com.perfeasy.makemytrip.FlightSearch" name="travDetails" time="16.907"/>
  <testcase classname="com.perfeasy.makemytrip.LoginAccount" name="loginAccount" time="2.278"/>
</testsuite> <!-- Test -->
