<?xml version="1.0" encoding="UTF-8"?>
<!-- Generated by org.testng.reporters.JUnitXMLReporter -->
<testsuite ignored="0" hostname="DESKTOP-LSAS4P2" failures="0" tests="3" name="Test" time="91.451" errors="0" timestamp="2021-05-05T16:31:37 IST">
  <testcase classname="com.perfeasy.makemytrip.LoginAccount" name="loginAccount" time="3.02"/>
  <testcase classname="com.perfeasy.makemytrip.FlightSearch" name="flightSearch" time="34.301"/>
  <testcase classname="com.perfeasy.makemytrip.FlightSearch" name="travDetails" time="27.214"/>
</testsuite> <!-- Test -->
